<?xml version="1.0" encoding="UTF-8"?>
<testng-results ignored="0" total="1" passed="1" failed="0" skipped="0">
  <reporter-output>
  </reporter-output>
  <suite started-at="2023-06-11T20:07:29 BOT" name="Default Suite" finished-at="2023-06-11T20:07:31 BOT" duration-ms="2555">
    <groups>
    </groups>
    <test started-at="2023-06-11T20:07:29 BOT" name="restassured002" finished-at="2023-06-11T20:07:31 BOT" duration-ms="2555">
      <class name="APITests">
        <test-method signature="test1()[pri:0, instance:APITests@548a102f]" started-at="2023-06-11T20:07:29 BOT" name="test1" finished-at="2023-06-11T20:07:31 BOT" duration-ms="2508" status="PASS">
          <reporter-output>
          </reporter-output>
        </test-method> <!-- test1 -->
      </class> <!-- APITests -->
    </test> <!-- restassured002 -->
  </suite> <!-- Default Suite -->
</testng-results>
