<?xml version="1.0" encoding="UTF-8"?>
<testng-results ignored="0" total="1" passed="1" failed="0" skipped="0">
  <reporter-output>
  </reporter-output>
  <suite started-at="2023-06-11T20:14:35 BOT" name="Default Suite" finished-at="2023-06-11T20:14:37 BOT" duration-ms="2337">
    <groups>
    </groups>
    <test started-at="2023-06-11T20:14:35 BOT" name="restassured002" finished-at="2023-06-11T20:14:37 BOT" duration-ms="2337">
      <class name="APITests">
        <test-method signature="test1()[pri:0, instance:APITests@105fece7]" started-at="2023-06-11T20:14:35 BOT" name="test1" finished-at="2023-06-11T20:14:37 BOT" duration-ms="2289" status="PASS">
          <reporter-output>
          </reporter-output>
        </test-method> <!-- test1 -->
      </class> <!-- APITests -->
    </test> <!-- restassured002 -->
  </suite> <!-- Default Suite -->
</testng-results>
